# JRE version: Java(TM) SE Runtime Environment (8.0_111-b14) (build 1.8.0_111-b14)
# Java VM: Java HotSpot(TM) 64-Bit Server VM (25.111-b14 mixed mode bsd-amd64 compressed oops)
Heap:
 PSYoungGen      total 217600K, used 5338K [0x0000000795580000, 0x00000007a6500000, 0x00000007c0000000)
  eden space 203264K, 2% used [0x0000000795580000,0x0000000795ab6930,0x00000007a1c00000)
  from space 14336K, 0% used [0x00000007a5480000,0x00000007a5480000,0x00000007a6280000)
  to   space 2560K, 0% used [0x00000007a6280000,0x00000007a6280000,0x00000007a6500000)
 ParOldGen       total 70144K, used 30724K [0x0000000740000000, 0x0000000744480000, 0x0000000795580000)
  object space 70144K, 43% used [0x0000000740000000,0x0000000741e011a0,0x0000000744480000)
 Metaspace       used 25537K, capacity 26296K, committed 28544K, reserved 1075200K
  class space    used 2927K, capacity 3123K, committed 3456K, reserved 1048576K
GC Heap History (10 events):
Event: 2.456 GC heap before
{Heap before GC invocations=7 (full 0):
 PSYoungGen      total 144384K, used 38636K [0x0000000795580000, 0x000000079ef80000, 0x00000007c0000000)
  eden space 132608K, 21% used [0x0000000795580000,0x00000007971b69a0,0x000000079d700000)
  from space 11776K, 82% used [0x000000079e300000,0x000000079ec84750,0x000000079ee80000)
  to   space 12288K, 0% used [0x000000079d700000,0x000000079d700000,0x000000079e300000)
 ParOldGen       total 87552K, used 10072K [0x0000000740000000, 0x0000000745580000, 0x0000000795580000)
  object space 87552K, 11% used [0x0000000740000000,0x00000007409d62c0,0x0000000745580000)
 Metaspace       used 20719K, capacity 21118K, committed 21296K, reserved 1069056K
  class space    used 2492K, capacity 2649K, committed 2688K, reserved 1048576K
Event: 2.466 GC heap after
Heap after GC invocations=7 (full 0):
 PSYoungGen      total 144896K, used 8154K [0x0000000795580000, 0x00000007a7080000, 0x00000007c0000000)
  eden space 132608K, 0% used [0x0000000795580000,0x0000000795580000,0x000000079d700000)
  from space 12288K, 66% used [0x000000079d700000,0x000000079def6bf0,0x000000079e300000)
  to   space 12288K, 0% used [0x00000007a6480000,0x00000007a6480000,0x00000007a7080000)
 ParOldGen       total 87552K, used 11788K [0x0000000740000000, 0x0000000745580000, 0x0000000795580000)
  object space 87552K, 13% used [0x0000000740000000,0x0000000740b83320,0x0000000745580000)
 Metaspace       used 20719K, capacity 21118K, committed 21296K, reserved 1069056K
  class space    used 2492K, capacity 2649K, committed 2688K, reserved 1048576K
}
Event: 2.467 GC heap before
{Heap before GC invocations=8 (full 1):
 PSYoungGen      total 144896K, used 8154K [0x0000000795580000, 0x00000007a7080000, 0x00000007c0000000)
  eden space 132608K, 0% used [0x0000000795580000,0x0000000795580000,0x000000079d700000)
  from space 12288K, 66% used [0x000000079d700000,0x000000079def6bf0,0x000000079e300000)
  to   space 12288K, 0% used [0x00000007a6480000,0x00000007a6480000,0x00000007a7080000)
 ParOldGen       total 87552K, used 11788K [0x0000000740000000, 0x0000000745580000, 0x0000000795580000)
  object space 87552K, 13% used [0x0000000740000000,0x0000000740b83320,0x0000000745580000)
 Metaspace       used 20719K, capacity 21118K, committed 21296K, reserved 1069056K
  class space    used 2492K, capacity 2649K, committed 2688K, reserved 1048576K
Event: 2.529 GC heap after
Heap after GC invocations=8 (full 1):
 PSYoungGen      total 144896K, used 0K [0x0000000795580000, 0x00000007a7080000, 0x00000007c0000000)
  eden space 132608K, 0% used [0x0000000795580000,0x0000000795580000,0x000000079d700000)
  from space 12288K, 0% used [0x000000079d700000,0x000000079d700000,0x000000079e300000)
  to   space 12288K, 0% used [0x00000007a6480000,0x00000007a6480000,0x00000007a7080000)
 ParOldGen       total 70144K, used 16690K [0x0000000740000000, 0x0000000744480000, 0x0000000795580000)
  object space 70144K, 23% used [0x0000000740000000,0x000000074104c860,0x0000000744480000)
 Metaspace       used 20719K, capacity 21118K, committed 21296K, reserved 1069056K
  class space    used 2492K, capacity 2649K, committed 2688K, reserved 1048576K
}
Event: 3.172 GC heap before
{Heap before GC invocations=9 (full 1):
 PSYoungGen      total 144896K, used 132608K [0x0000000795580000, 0x00000007a7080000, 0x00000007c0000000)
  eden space 132608K, 100% used [0x0000000795580000,0x000000079d700000,0x000000079d700000)
  from space 12288K, 0% used [0x000000079d700000,0x000000079d700000,0x000000079e300000)
  to   space 12288K, 0% used [0x00000007a6480000,0x00000007a6480000,0x00000007a7080000)
 ParOldGen       total 70144K, used 16690K [0x0000000740000000, 0x0000000744480000, 0x0000000795580000)
  object space 70144K, 23% used [0x0000000740000000,0x000000074104c860,0x0000000744480000)
 Metaspace       used 23237K, capacity 23838K, committed 23936K, reserved 1071104K
  class space    used 2745K, capacity 2911K, committed 2944K, reserved 1048576K
Event: 3.182 GC heap after
Heap after GC invocations=9 (full 1):
 PSYoungGen      total 215552K, used 12258K [0x0000000795580000, 0x00000007a7080000, 0x00000007c0000000)
  eden space 203264K, 0% used [0x0000000795580000,0x0000000795580000,0x00000007a1c00000)
  from space 12288K, 99% used [0x00000007a6480000,0x00000007a7078940,0x00000007a7080000)
  to   space 14336K, 0% used [0x00000007a5480000,0x00000007a5480000,0x00000007a6280000)
 ParOldGen       total 70144K, used 18258K [0x0000000740000000, 0x0000000744480000, 0x0000000795580000)
  object space 70144K, 26% used [0x0000000740000000,0x00000007411d49c0,0x0000000744480000)
 Metaspace       used 23237K, capacity 23838K, committed 23936K, reserved 1071104K
  class space    used 2745K, capacity 2911K, committed 2944K, reserved 1048576K
}
Event: 4.937 GC heap before
{Heap before GC invocations=10 (full 1):
 PSYoungGen      total 215552K, used 158929K [0x0000000795580000, 0x00000007a7080000, 0x00000007c0000000)
  eden space 203264K, 72% used [0x0000000795580000,0x000000079e4bbb40,0x00000007a1c00000)
  from space 12288K, 99% used [0x00000007a6480000,0x00000007a7078940,0x00000007a7080000)
  to   space 14336K, 0% used [0x00000007a5480000,0x00000007a5480000,0x00000007a6280000)
 ParOldGen       total 70144K, used 18258K [0x0000000740000000, 0x0000000744480000, 0x0000000795580000)
  object space 70144K, 26% used [0x0000000740000000,0x00000007411d49c0,0x0000000744480000)
 Metaspace       used 27346K, capacity 28294K, committed 28544K, reserved 1075200K
  class space    used 3167K, capacity 3404K, committed 3456K, reserved 1048576K
Event: 4.957 GC heap after
Heap after GC invocations=10 (full 1):
 PSYoungGen      total 217600K, used 14315K [0x0000000795580000, 0x00000007a6500000, 0x00000007c0000000)
  eden space 203264K, 0% used [0x0000000795580000,0x0000000795580000,0x00000007a1c00000)
  from space 14336K, 99% used [0x00000007a5480000,0x00000007a627aeb0,0x00000007a6280000)
  to   space 2560K, 0% used [0x00000007a6280000,0x00000007a6280000,0x00000007a6500000)
 ParOldGen       total 70144K, used 25355K [0x0000000740000000, 0x0000000744480000, 0x0000000795580000)
  object space 70144K, 36% used [0x0000000740000000,0x00000007418c2f68,0x0000000744480000)
 Metaspace       used 27346K, capacity 28294K, committed 28544K, reserved 1075200K
  class space    used 3167K, capacity 3404K, committed 3456K, reserved 1048576K
}
Event: 4.957 GC heap before
{Heap before GC invocations=11 (full 2):
 PSYoungGen      total 217600K, used 14315K [0x0000000795580000, 0x00000007a6500000, 0x00000007c0000000)
  eden space 203264K, 0% used [0x0000000795580000,0x0000000795580000,0x00000007a1c00000)
  from space 14336K, 99% used [0x00000007a5480000,0x00000007a627aeb0,0x00000007a6280000)
  to   space 2560K, 0% used [0x00000007a6280000,0x00000007a6280000,0x00000007a6500000)
 ParOldGen       total 70144K, used 25355K [0x0000000740000000, 0x0000000744480000, 0x0000000795580000)
  object space 70144K, 36% used [0x0000000740000000,0x00000007418c2f68,0x0000000744480000)
 Metaspace       used 27346K, capacity 28294K, committed 28544K, reserved 1075200K
  class space    used 3167K, capacity 3404K, committed 3456K, reserved 1048576K
Event: 5.121 GC heap after
Heap after GC invocations=11 (full 2):
 PSYoungGen      total 217600K, used 0K [0x0000000795580000, 0x00000007a6500000, 0x00000007c0000000)
  eden space 203264K, 0% used [0x0000000795580000,0x0000000795580000,0x00000007a1c00000)
  from space 14336K, 0% used [0x00000007a5480000,0x00000007a5480000,0x00000007a6280000)
  to   space 2560K, 0% used [0x00000007a6280000,0x00000007a6280000,0x00000007a6500000)
 ParOldGen       total 70144K, used 30724K [0x0000000740000000, 0x0000000744480000, 0x0000000795580000)
  object space 70144K, 43% used [0x0000000740000000,0x0000000741e011a0,0x0000000744480000)
 Metaspace       used 25530K, capacity 26296K, committed 28544K, reserved 1075200K
  class space    used 2926K, capacity 3123K, committed 3456K, reserved 1048576K
}

